1.00192
1.00192
1.00192
1.00192
1.00192
1.00192
1.00192
1.00192
1.00192
1.00192
1.00192
1.00192
1.00192
1.00192
1.00192
1.00192
1.00192
1.00192
1.00192
1.00192
1.00192
1.00192
1.00192
1.00192
1.00192
1.00192
1.00192
1.00192
1.00192
1.00192
1.00192
1.00192
0.681488
0.864818
1.25269
1.41031
0.648484
1.3877
1.59222
1.27523
0.864818
0.681488
1.3877
0.648484
1.41031
1.25269
1.27523
1.59222
1.00192
1.00192
1.00192
1.00192
1.00192
1.00192
1.00192
1.00192
1.00192
1.00192
1.00192
1.00192
1.00192
1.00192
1.00192
1.00192
0.499213
0.923937
0.098901
0.794427
0.36254
0.0987232
0.27563
0.305867
1.00192
1.00192
1.00192
1.00192
1.00192
1.00192
1.00192
1.00192
1.41031
1.25269
1.27523
1.59222
0.864818
0.681488
1.3877
0.648484
1.01769
0.655295
1.26231
0.58748
0.945367
0.947993
1.23163
1.39588
1.55949
1.55949
1.3483
1.66394
1.66394
1.3483
0.63651
0.63651
1.02054
1.50179
1.51109
1.50749
1.02054
1.50179
1.51109
1.50749
1.00192
1.00192
1.00192
1.00192
1.00192
1.00192
1.00192
1.00192
0.247363
1.35302
-0.58218
1.52575
0.247363
1.35302
-0.58218
1.52575
0.46639
-0.479383
0.435651
-0.337745
0.675874
0.326318
0.360458
0.183613
0.0789111
0.0614668
0.0792116
0.0618365
0.0787983
0.0760428
0.0799401
0.0775428
0.336385
0.474285
0.747167
0.475782
0.317202
1.2089
0.702674
1.14188
0.0789407
0.0759652
0.0772293
0.0759475
0.078982
0.0812967
0.0769442
0.0822062
0.0789691
0.0806609
0.0778556
0.0807624
0.0789342
0.0777253
0.0779744
0.0782072
0.642105
0.446879
0.23328
0.193966
0.601149
0.0189649
0.214324
0.0843691
-0.397711
0.359306
0.00393126
0.232564
-0.373446
0.666923
-0.308406
0.744187
0.0770051
0.0789251
0.0716797
0.0789707
0.0773129
0.0770721
0.0762149
0.0770306
0.0656606
0.0788975
0.0805319
0.0788718
0.0658484
0.0800808
0.0820046
0.0804548
0.0788838
0.0788838
0.0776419
0.0788808
0.0788808
0.0776419
0.0781538
0.0781538
0.757887
1.21943
0.387591
1.03758
0.752385
0.553507
0.456097
0.4564
-0.689422
1.12817
0.151445
1.01788
-0.825366
0.201176
0.0759435
0.0578345
0.454054
0.508407
0.476761
0.475171
0.64291
0.599115
0.241204
0.504675
0.0770548
0.0789049
0.0687074
0.0788139
0.0804941
0.0798532
0.0699902
0.0790472
0.0319149
-0.549036
-0.342969
-0.364978
0.0886067
-0.160424
0.244115
-0.391555
0.281396
0.658936
0.448391
0.532757
0.333079
0.700712
0.650439
0.448142
0.291718
-0.174928
0.341788
-0.0859588
0.313391
0.341028
0.277698
0.341333
-0.0754723
0.189734
0.196777
0.165496
-0.100622
0.823486
0.0582219
0.912636
0.25728
0.0818646
0.103437
0.0987965
0.316859
0.275472
0.107568
0.285036
0.0502338
0.135933
-0.00815268
0.0968995
0.0557474
0.062295
0.0363935
0.0568193
0.0945452
0.341858
0.110238
0.363563
0.178069
0.407638
0.170409
0.436662
0.074183
0.0789928
0.0723278
0.0790254
0.0741053
0.0766664
0.0735974
0.0771244
1.00192
1.00192
1.00192
1.00192
1.00192
1.00192
1.00192
1.00192
1.00192
1.00192
1.00192
1.00192
1.00192
1.00192
1.00192
1.00192
1.50179
1.02054
1.50179
1.02054
1.50749
1.51109
1.50749
1.51109
0.198261
0.2172
0.280785
0.149524
0.427165
0.762467
0.339884
0.893338
0.809127
0.563066
0.591631
0.523466
0.688993
0.281319
0.573291
0.288129
0.77351
1.07443
0.77351
1.07443
0.687653
0.601941
0.687653
0.601941
0.560405
0.0441119
0.105872
0.206091
0.346763
1.30964
0.158212
1.06388
0.509459
0.406324
0.924042
0.158069
0.442296
-0.598226
0.835391
-0.567705
0.0789632
0.0766704
0.0794512
0.0772155
0.0789236
0.0747854
0.079108
0.075328
0.236284
0.25395
-0.170276
0.337933
0.159566
0.431594
-0.324811
0.102338
0.154249
-0.249184
0.361245
-0.24775
0.087998
0.101607
0.349839
0.127116
-0.257521
0.312707
0.071976
0.273433
-0.307094
0.104608
0.0679009
0.168963
0.0877309
1.10212
0.306969
0.91716
0.0767898
0.0714627
0.0687833
0.0546823
0.269563
0.912965
-0.029226
0.814294
0.165575
0.552796
0.437711
0.281302
0.177155
-0.068823
0.0985785
-0.06019
0.186633
0.911309
0.241845
0.843622
0.0314514
0.101756
0.127072
0.0590595
0.0529438
0.155382
0.13677
0.110586
0.078901
0.0723411
0.0785522
0.0749009
0.0789161
0.0776275
0.0783768
0.078973
0.0788695
0.0771864
0.0789403
0.077617
0.0788887
0.0839076
0.0790298
0.0840399
0.0700758
0.0922101
0.12661
0.104643
0.0544469
0.11825
0.1409
0.110316
-0.138289
0.22864
0.380525
0.193968
-0.085346
0.456769
0.621024
0.475664
0.212289
0.352158
-0.686582
0.0204525
0.323349
-0.183008
-0.646967
0.0649535
0.55751
0.590361
0.277851
-0.0674574
0.602549
0.633936
0.278678
0.44283
0.17946
0.297422
0.354668
0.322227
0.148047
-0.0623641
0.34743
-0.0734646
0.29221
0.0823822
0.133182
0.0255983
0.274971
-0.0242034
0.205747
0.00920809
0.108967
-0.277485
0.00382876
-0.000958979
0.0834461
-0.0509158
0.0697318
-0.0110753
0.841152
0.187237
0.283788
0.431674
0.855982
0.491719
0.499996
0.440246
-0.151364
0.393933
0.151188
0.48095
-0.139691
0.535772
0.310947
0.544295
